smartspec_check_kilo_mode.md
smartspec_ci_quality_gate.md
smartspec_data_migration_governance.md
smartspec_fix_errors.md
smartspec_generate_cursor_prompt.md
smartspec_generate_implement_prompt.md
smartspec_generate_plan.md
smartspec_generate_spec.md
smartspec_generate_tasks.md
smartspec_generate_tests.md
smartspec_global_registry_audit.md
smartspec_implement_tasks.md
smartspec_nfr_perf_planner.md
smartspec_nfr_perf_verifier.md
smartspec_observability_runbook_generator.md
smartspec_portfolio_planner.md
smartspec_project_copilot-old.md
smartspec_project_copilot.md
smartspec_project_copilot.md:Zone.Identifier
smartspec_refactor_code.md
smartspec_reindex_specs.md
smartspec_release_readiness.md
smartspec_reverse_to_spec.md
smartspec_security_evidence_audit.md
smartspec_spec_lifecycle_manager.md
smartspec_sync_spec_tasks.md
smartspec_ui_consistency_audit.md
smartspec_ui_validation.md
smartspec_validate_index.md
smartspec_verify_tasks_progress.md
workflow.lst
